# Nmap 7.80 scan initiated Mon Oct 26 13:32:18 2020 as: nmap -p 111 --script=nfs-ls,nfs-statfs,nfs-showmount -oN nfs_scan.log 10.10.220.207
Nmap scan report for 10.10.220.207
Host is up (0.23s latency).

PORT    STATE SERVICE
111/tcp open  rpcbind
| nfs-ls: Volume /var
|   access: Read Lookup NoModify NoExtend NoDelete NoExecute
| PERMISSION  UID  GID  SIZE  TIME                 FILENAME
| rwxr-xr-x   0    0    4096  2019-09-04T08:53:24  .
| rwxr-xr-x   0    0    4096  2019-09-04T12:27:33  ..
| rwxr-xr-x   0    0    4096  2020-10-26T11:25:01  backups
| rwxr-xr-x   0    0    4096  2019-09-04T10:37:44  cache
| rwxrwxrwt   0    0    4096  2019-09-04T08:43:56  crash
| rwxrwsr-x   0    50   4096  2016-04-12T20:14:23  local
| rwxrwxrwx   0    0    9     2019-09-04T08:41:33  lock
| rwxrwxr-x   0    108  4096  2019-09-04T10:37:44  log
| rwxr-xr-x   0    0    4096  2019-01-29T23:27:41  snap
| rwxr-xr-x   0    0    4096  2019-09-04T08:53:24  www
|_
| nfs-showmount: 
|_  /var *
| nfs-statfs: 
|   Filesystem  1K-blocks  Used       Available  Use%  Maxfilesize  Maxlink
|_  /var        9204224.0  1837072.0  6876556.0  22%   16.0T        32000

# Nmap done at Mon Oct 26 13:32:22 2020 -- 1 IP address (1 host up) scanned in 3.60 seconds
